[2025-05-15 12:30:51] [INFO] #============================================================#
[2025-05-15 12:30:51] [INFO] #          EARTHCARE OADS DOWNLOAD SCRIPT (v3.0.0)           #
[2025-05-15 12:30:51] [INFO] #============================================================#
[2025-05-15 12:30:51] [DEBUG] User inputs:
[2025-05-15 12:30:51] [DEBUG]  - product_types: ['ACMCAP']
[2025-05-15 12:30:51] [DEBUG]  - path_to_data: None
[2025-05-15 12:30:51] [DEBUG]  - timestamps: None
[2025-05-15 12:30:51] [DEBUG]  - frame_ids: None
[2025-05-15 12:30:51] [DEBUG]  - orbit_numbers: None
[2025-05-15 12:30:51] [DEBUG]  - orbit_and_frames: ['04237E']
[2025-05-15 12:30:51] [DEBUG]  - start_time: None
[2025-05-15 12:30:51] [DEBUG]  - end_time: None
[2025-05-15 12:30:51] [DEBUG]  - radius_search: None
[2025-05-15 12:30:51] [DEBUG]  - bounding_box: None
[2025-05-15 12:30:51] [DEBUG]  - is_download: True
[2025-05-15 12:30:51] [DEBUG]  - is_unzip: True
[2025-05-15 12:30:51] [DEBUG]  - is_delete: True
[2025-05-15 12:30:51] [DEBUG]  - is_overwrite: False
[2025-05-15 12:30:51] [DEBUG]  - is_create_subdirs: True
[2025-05-15 12:30:51] [DEBUG]  - product_version: None
[2025-05-15 12:30:51] [DEBUG]  - path_to_config: None
[2025-05-15 12:30:51] [DEBUG]  - download_idx: None
[2025-05-15 12:30:51] [DEBUG]  - start_orbit_number: None
[2025-05-15 12:30:51] [DEBUG]  - end_orbit_number: None
[2025-05-15 12:30:51] [DEBUG]  - start_orbit_and_frame: None
[2025-05-15 12:30:51] [DEBUG]  - end_orbit_and_frame: None
[2025-05-15 12:30:51] [DEBUG]  - is_log: True
[2025-05-15 12:30:51] [DEBUG]  - is_debug: False
[2025-05-15 12:30:51] [DEBUG]  - is_found_files_list_to_txt: False
[2025-05-15 12:30:51] [DEBUG]  - logger: <Logger oads_download (DEBUG)>
[2025-05-15 12:30:51] [INFO] +------------------------------------------------------------+
[2025-05-15 12:30:51] [INFO] | PART 1 - Search products                                   |
[2025-05-15 12:30:51] [INFO] +------------------------------------------------------------+
[2025-05-15 12:30:51] [INFO] Setting path_to_config to </home/arthur/scripts/TCsLifeMonitFromObs/PRJCT_VERTICAL_WIND/config.toml>
[2025-05-15 12:30:51] [INFO] Found config file at </home/arthur/scripts/TCsLifeMonitFromObs/PRJCT_VERTICAL_WIND/config.toml>
[2025-05-15 12:30:51] [INFO] Number of pending search requests: 1
[2025-05-15 12:30:51] [INFO] *[1/1] Search request: ACM_CAP_2B, frame=E, orbits=[4237]
[2025-05-15 12:30:51] [DEBUG]  [1/1] SearchRequest(collection_identifier_list=['EarthCAREL2Products', 'EarthCAREL2InstChecked', 'EarthCAREL2Validated'], product_type='ACM_CAP_2B', product_version=None, radius=None, lat=None, lon=None, bbox=None, start_time=None, end_time=None, orbit_number='[4237]', frame_id='E')
[2025-05-15 12:30:51] [DEBUG] Entrypoint: https://eocat.esa.int/collections
[2025-05-15 12:30:51] [DEBUG] Send GET request: https://eocat.esa.int/collections
[2025-05-15 12:30:52] [DEBUG] Collections queryables: https://eocat.esa.int/eo-catalogue/collections/queryables
[2025-05-15 12:30:52] [DEBUG] Search for EarthCARE collections: https://eocat.esa.int/collections?&title=earthcare&limit=100
[2025-05-15 12:30:52] [DEBUG] Send GET request: https://eocat.esa.int/collections?&title=earthcare&limit=100
[2025-05-15 12:30:53] [DEBUG] Available EarthCARE collections: ['EarthCAREL2Validated', 'EarthCAREXMETL1DProducts10', 'EarthCAREL2Products', 'EarthCAREOrbitData', 'JAXAL2Products', 'JAXAL2InstChecked', 'EarthCAREAuxiliary', 'EarthCAREL1Validated', 'JAXAL2Validated', 'EarthCAREL0L1Products', 'EarthCAREL2InstChecked', 'EarthCAREL1InstChecked']
[2025-05-15 12:30:53] [DEBUG] Constructed search request URL: https://eocat.esa.int/eo-catalogue/collections/EarthCAREL2Products/items?&limit=2000&frame=E&orbitNumber=[4237]&productType=ACM_CAP_2B
[2025-05-15 12:30:53] [DEBUG] Send GET request: https://eocat.esa.int/eo-catalogue/collections/EarthCAREL2Products/items?&limit=2000&frame=E&orbitNumber=%7B4237%7D&productType=ACM_CAP_2B
[2025-05-15 12:30:54] [INFO]  [1/1] Files found in collection 'EarthCAREL2Products': 0
[2025-05-15 12:30:54] [DEBUG] Entrypoint: https://eocat.esa.int/collections
[2025-05-15 12:30:54] [DEBUG] Send GET request: https://eocat.esa.int/collections
[2025-05-15 12:30:55] [DEBUG] Collections queryables: https://eocat.esa.int/eo-catalogue/collections/queryables
[2025-05-15 12:30:55] [DEBUG] Search for EarthCARE collections: https://eocat.esa.int/collections?&title=earthcare&limit=100
[2025-05-15 12:30:55] [DEBUG] Send GET request: https://eocat.esa.int/collections?&title=earthcare&limit=100
[2025-05-15 12:30:55] [DEBUG] Available EarthCARE collections: ['EarthCAREL2Validated', 'EarthCAREXMETL1DProducts10', 'EarthCAREL2Products', 'EarthCAREOrbitData', 'JAXAL2Products', 'JAXAL2InstChecked', 'EarthCAREAuxiliary', 'EarthCAREL1Validated', 'JAXAL2Validated', 'EarthCAREL0L1Products', 'EarthCAREL2InstChecked', 'EarthCAREL1InstChecked']
[2025-05-15 12:30:55] [DEBUG] Constructed search request URL: https://eocat.esa.int/eo-catalogue/collections/EarthCAREL2InstChecked/items?&limit=2000&frame=E&orbitNumber=[4237]&productType=ACM_CAP_2B
[2025-05-15 12:30:55] [DEBUG] Send GET request: https://eocat.esa.int/eo-catalogue/collections/EarthCAREL2InstChecked/items?&limit=2000&frame=E&orbitNumber=%7B4237%7D&productType=ACM_CAP_2B
[2025-05-15 12:30:56] [INFO]  [1/1] Files found in collection 'EarthCAREL2InstChecked': 0
[2025-05-15 12:30:56] [DEBUG] Entrypoint: https://eocat.esa.int/collections
[2025-05-15 12:30:56] [DEBUG] Send GET request: https://eocat.esa.int/collections
[2025-05-15 12:30:56] [DEBUG] Collections queryables: https://eocat.esa.int/eo-catalogue/collections/queryables
[2025-05-15 12:30:56] [DEBUG] Search for EarthCARE collections: https://eocat.esa.int/collections?&title=earthcare&limit=100
[2025-05-15 12:30:56] [DEBUG] Send GET request: https://eocat.esa.int/collections?&title=earthcare&limit=100
[2025-05-15 12:30:57] [DEBUG] Available EarthCARE collections: ['EarthCAREL2Validated', 'EarthCAREXMETL1DProducts10', 'EarthCAREL2Products', 'EarthCAREOrbitData', 'JAXAL2Products', 'JAXAL2InstChecked', 'EarthCAREAuxiliary', 'EarthCAREL1Validated', 'JAXAL2Validated', 'EarthCAREL0L1Products', 'EarthCAREL2InstChecked', 'EarthCAREL1InstChecked']
[2025-05-15 12:30:57] [DEBUG] Constructed search request URL: https://eocat.esa.int/eo-catalogue/collections/EarthCAREL2Validated/items?&limit=2000&frame=E&orbitNumber=[4237]&productType=ACM_CAP_2B
[2025-05-15 12:30:57] [DEBUG] Send GET request: https://eocat.esa.int/eo-catalogue/collections/EarthCAREL2Validated/items?&limit=2000&frame=E&orbitNumber=%7B4237%7D&productType=ACM_CAP_2B
[2025-05-15 12:30:58] [INFO]  [1/1] Files found in collection 'EarthCAREL2Validated': 0
[2025-05-15 12:30:58] [INFO] No files where found for your request
[2025-05-15 12:30:58] [INFO] +------------------------------------------------------------+
[2025-05-15 12:30:58] [INFO] | PART 2 - Download products                                 |
[2025-05-15 12:30:58] [INFO] +------------------------------------------------------------+
[2025-05-15 12:30:58] [INFO] No products matching the request could be found on the server
[2025-05-15 12:30:58] [INFO] +------------------------------------------------------------+
[2025-05-15 12:30:58] [INFO] | END OF SCRIPT                                              |
[2025-05-15 12:30:58] [INFO] +------------------------------------------------------------+
[2025-05-15 12:30:58] [INFO] Execution time:   0 days 00:00:07
[2025-05-15 12:30:58] [INFO] Files downloaded: 0 (0.00 MB at ~0.00 MB/s)
[2025-05-15 12:30:58] [INFO] Files unzipped:   0
